# JRE version: OpenJDK Runtime Environment Temurin-17.0.4.1+1 (17.0.4.1+1) (build 17.0.4.1+1)
# Java VM: OpenJDK 64-Bit Server VM Temurin-17.0.4.1+1 (17.0.4.1+1, mixed mode, emulated-client, tiered, compressed oops, compressed class ptrs, g1 gc, windows-amd64)
GC Precious Log:
 CPUs: 4 total, 4 available
 Memory: 8025M
 Large Page Support: Disabled
 NUMA Support: Disabled
 Compressed Oops: Enabled (32-bit)
 Heap Region Size: 1M
 Heap Min Capacity: 8M
 Heap Initial Capacity: 126M
 Heap Max Capacity: 2008M
 Pre-touch: Disabled
 Parallel Workers: 4
 Concurrent Workers: 1
 Concurrent Refinement Workers: 4
 Periodic GC: Disabled
Heap:
 garbage-first heap   total 104448K, used 53936K [0x0000000082800000, 0x0000000100000000)
  region size 1024K, 2 young (2048K), 2 survivors (2048K)
 Metaspace       used 38313K, committed 38656K, reserved 1089536K
  class space    used 4831K, committed 4992K, reserved 1048576K
GC Heap History (20 events):
Event: 2.041 GC heap after
{Heap after GC invocations=7 (full 0):
 garbage-first heap   total 48128K, used 16283K [0x0000000082800000, 0x0000000100000000)
  region size 1024K, 3 young (3072K), 3 survivors (3072K)
 Metaspace       used 28123K, committed 28352K, reserved 1081344K
  class space    used 3512K, committed 3648K, reserved 1048576K
}
Event: 2.335 GC heap before
{Heap before GC invocations=7 (full 0):
 garbage-first heap   total 48128K, used 31643K [0x0000000082800000, 0x0000000100000000)
  region size 1024K, 18 young (18432K), 3 survivors (3072K)
 Metaspace       used 31015K, committed 31360K, reserved 1081344K
  class space    used 3898K, committed 4032K, reserved 1048576K
}
Event: 2.343 GC heap after
{Heap after GC invocations=8 (full 0):
 garbage-first heap   total 58368K, used 17814K [0x0000000082800000, 0x0000000100000000)
  region size 1024K, 2 young (2048K), 2 survivors (2048K)
 Metaspace       used 31015K, committed 31360K, reserved 1081344K
  class space    used 3898K, committed 4032K, reserved 1048576K
}
Event: 2.724 GC heap before
{Heap before GC invocations=8 (full 0):
 garbage-first heap   total 58368K, used 40342K [0x0000000082800000, 0x0000000100000000)
  region size 1024K, 24 young (24576K), 2 survivors (2048K)
 Metaspace       used 34758K, committed 35136K, reserved 1081344K
  class space    used 4491K, committed 4672K, reserved 1048576K
}
Event: 2.730 GC heap after
{Heap after GC invocations=9 (full 0):
 garbage-first heap   total 58368K, used 19806K [0x0000000082800000, 0x0000000100000000)
  region size 1024K, 3 young (3072K), 3 survivors (3072K)
 Metaspace       used 34758K, committed 35136K, reserved 1081344K
  class space    used 4491K, committed 4672K, reserved 1048576K
}
Event: 2.834 GC heap before
{Heap before GC invocations=9 (full 0):
 garbage-first heap   total 58368K, used 41310K [0x0000000082800000, 0x0000000100000000)
  region size 1024K, 25 young (25600K), 3 survivors (3072K)
 Metaspace       used 35030K, committed 35328K, reserved 1081344K
  class space    used 4526K, committed 4672K, reserved 1048576K
}
Event: 2.840 GC heap after
{Heap after GC invocations=10 (full 0):
 garbage-first heap   total 58368K, used 24597K [0x0000000082800000, 0x0000000100000000)
  region size 1024K, 4 young (4096K), 4 survivors (4096K)
 Metaspace       used 35030K, committed 35328K, reserved 1081344K
  class space    used 4526K, committed 4672K, reserved 1048576K
}
Event: 2.911 GC heap before
{Heap before GC invocations=10 (full 0):
 garbage-first heap   total 58368K, used 42005K [0x0000000082800000, 0x0000000100000000)
  region size 1024K, 21 young (21504K), 4 survivors (4096K)
 Metaspace       used 35511K, committed 35840K, reserved 1081344K
  class space    used 4583K, committed 4736K, reserved 1048576K
}
Event: 2.916 GC heap after
{Heap after GC invocations=11 (full 0):
 garbage-first heap   total 58368K, used 28287K [0x0000000082800000, 0x0000000100000000)
  region size 1024K, 3 young (3072K), 3 survivors (3072K)
 Metaspace       used 35511K, committed 35840K, reserved 1081344K
  class space    used 4583K, committed 4736K, reserved 1048576K
}
Event: 2.969 GC heap before
{Heap before GC invocations=11 (full 0):
 garbage-first heap   total 58368K, used 41599K [0x0000000082800000, 0x0000000100000000)
  region size 1024K, 17 young (17408K), 3 survivors (3072K)
 Metaspace       used 35930K, committed 36288K, reserved 1081344K
  class space    used 4619K, committed 4800K, reserved 1048576K
}
Event: 2.973 GC heap after
{Heap after GC invocations=12 (full 0):
 garbage-first heap   total 81920K, used 31252K [0x0000000082800000, 0x0000000100000000)
  region size 1024K, 3 young (3072K), 3 survivors (3072K)
 Metaspace       used 35930K, committed 36288K, reserved 1081344K
  class space    used 4619K, committed 4800K, reserved 1048576K
}
Event: 3.063 GC heap before
{Heap before GC invocations=13 (full 0):
 garbage-first heap   total 81920K, used 56852K [0x0000000082800000, 0x0000000100000000)
  region size 1024K, 29 young (29696K), 3 survivors (3072K)
 Metaspace       used 36682K, committed 37056K, reserved 1081344K
  class space    used 4694K, committed 4864K, reserved 1048576K
}
Event: 3.068 GC heap after
{Heap after GC invocations=14 (full 0):
 garbage-first heap   total 81920K, used 34241K [0x0000000082800000, 0x0000000100000000)
  region size 1024K, 4 young (4096K), 4 survivors (4096K)
 Metaspace       used 36682K, committed 37056K, reserved 1081344K
  class space    used 4694K, committed 4864K, reserved 1048576K
}
Event: 3.119 GC heap before
{Heap before GC invocations=14 (full 0):
 garbage-first heap   total 81920K, used 58817K [0x0000000082800000, 0x0000000100000000)
  region size 1024K, 29 young (29696K), 4 survivors (4096K)
 Metaspace       used 37464K, committed 37760K, reserved 1089536K
  class space    used 4727K, committed 4864K, reserved 1048576K
}
Event: 3.124 GC heap after
{Heap after GC invocations=15 (full 0):
 garbage-first heap   total 81920K, used 38347K [0x0000000082800000, 0x0000000100000000)
  region size 1024K, 4 young (4096K), 4 survivors (4096K)
 Metaspace       used 37464K, committed 37760K, reserved 1089536K
  class space    used 4727K, committed 4864K, reserved 1048576K
}
Event: 3.160 GC heap before
{Heap before GC invocations=15 (full 0):
 garbage-first heap   total 81920K, used 60875K [0x0000000082800000, 0x0000000100000000)
  region size 1024K, 27 young (27648K), 4 survivors (4096K)
 Metaspace       used 37513K, committed 37824K, reserved 1089536K
  class space    used 4736K, committed 4864K, reserved 1048576K
}
Event: 3.168 GC heap after
{Heap after GC invocations=16 (full 0):
 garbage-first heap   total 81920K, used 46083K [0x0000000082800000, 0x0000000100000000)
  region size 1024K, 4 young (4096K), 4 survivors (4096K)
 Metaspace       used 37513K, committed 37824K, reserved 1089536K
  class space    used 4736K, committed 4864K, reserved 1048576K
}
Event: 3.240 GC heap before
{Heap before GC invocations=16 (full 0):
 garbage-first heap   total 81920K, used 60419K [0x0000000082800000, 0x0000000100000000)
  region size 1024K, 19 young (19456K), 4 survivors (4096K)
 Metaspace       used 38149K, committed 38528K, reserved 1089536K
  class space    used 4804K, committed 4992K, reserved 1048576K
}
Event: 3.248 GC heap after
{Heap after GC invocations=17 (full 0):
 garbage-first heap   total 81920K, used 51980K [0x0000000082800000, 0x0000000100000000)
  region size 1024K, 3 young (3072K), 3 survivors (3072K)
 Metaspace       used 38149K, committed 38528K, reserved 1089536K
  class space    used 4804K, committed 4992K, reserved 1048576K
}
Event: 3.333 GC heap before
{Heap before GC invocations=17 (full 0):
 garbage-first heap   total 104448K, used 62220K [0x0000000082800000, 0x0000000100000000)
  region size 1024K, 13 young (13312K), 3 survivors (3072K)
 Metaspace       used 38313K, committed 38656K, reserved 1089536K
  class space    used 4831K, committed 4992K, reserved 1048576K
}

