# JRE version: OpenJDK Runtime Environment Temurin-17.0.4.1+1 (17.0.4.1+1) (build 17.0.4.1+1)
# Java VM: OpenJDK 64-Bit Server VM Temurin-17.0.4.1+1 (17.0.4.1+1, mixed mode, emulated-client, tiered, compressed oops, compressed class ptrs, g1 gc, windows-amd64)
GC Precious Log:
 CPUs: 4 total, 4 available
 Memory: 8025M
 Large Page Support: Disabled
 NUMA Support: Disabled
 Compressed Oops: Enabled (32-bit)
 Heap Region Size: 1M
 Heap Min Capacity: 8M
 Heap Initial Capacity: 126M
 Heap Max Capacity: 2008M
 Pre-touch: Disabled
 Parallel Workers: 4
 Concurrent Workers: 1
 Concurrent Refinement Workers: 4
 Periodic GC: Disabled
Heap:
 garbage-first heap   total 92160K, used 26748K [0x0000000082800000, 0x0000000100000000)
  region size 1024K, 1 young (1024K), 0 survivors (0K)
 Metaspace       used 46973K, committed 47424K, reserved 1097728K
  class space    used 6395K, committed 6592K, reserved 1048576K
GC Heap History (20 events):
Event: 2954.176 GC heap before
{Heap before GC invocations=308 (full 273):
 garbage-first heap   total 92160K, used 26748K [0x0000000082800000, 0x0000000100000000)
  region size 1024K, 1 young (1024K), 0 survivors (0K)
 Metaspace       used 46973K, committed 47424K, reserved 1097728K
  class space    used 6395K, committed 6592K, reserved 1048576K
}
Event: 2954.211 GC heap after
{Heap after GC invocations=309 (full 274):
 garbage-first heap   total 92160K, used 26748K [0x0000000082800000, 0x0000000100000000)
  region size 1024K, 0 young (0K), 0 survivors (0K)
 Metaspace       used 46973K, committed 47424K, reserved 1097728K
  class space    used 6395K, committed 6592K, reserved 1048576K
}
Event: 2964.316 GC heap before
{Heap before GC invocations=309 (full 274):
 garbage-first heap   total 92160K, used 26748K [0x0000000082800000, 0x0000000100000000)
  region size 1024K, 1 young (1024K), 0 survivors (0K)
 Metaspace       used 46973K, committed 47424K, reserved 1097728K
  class space    used 6395K, committed 6592K, reserved 1048576K
}
Event: 2964.346 GC heap after
{Heap after GC invocations=310 (full 275):
 garbage-first heap   total 92160K, used 26748K [0x0000000082800000, 0x0000000100000000)
  region size 1024K, 0 young (0K), 0 survivors (0K)
 Metaspace       used 46973K, committed 47424K, reserved 1097728K
  class space    used 6395K, committed 6592K, reserved 1048576K
}
Event: 2974.458 GC heap before
{Heap before GC invocations=310 (full 275):
 garbage-first heap   total 92160K, used 26748K [0x0000000082800000, 0x0000000100000000)
  region size 1024K, 1 young (1024K), 0 survivors (0K)
 Metaspace       used 46973K, committed 47424K, reserved 1097728K
  class space    used 6395K, committed 6592K, reserved 1048576K
}
Event: 2974.489 GC heap after
{Heap after GC invocations=311 (full 276):
 garbage-first heap   total 92160K, used 26748K [0x0000000082800000, 0x0000000100000000)
  region size 1024K, 0 young (0K), 0 survivors (0K)
 Metaspace       used 46973K, committed 47424K, reserved 1097728K
  class space    used 6395K, committed 6592K, reserved 1048576K
}
Event: 2984.599 GC heap before
{Heap before GC invocations=311 (full 276):
 garbage-first heap   total 92160K, used 26748K [0x0000000082800000, 0x0000000100000000)
  region size 1024K, 1 young (1024K), 0 survivors (0K)
 Metaspace       used 46973K, committed 47424K, reserved 1097728K
  class space    used 6395K, committed 6592K, reserved 1048576K
}
Event: 2984.628 GC heap after
{Heap after GC invocations=312 (full 277):
 garbage-first heap   total 92160K, used 26748K [0x0000000082800000, 0x0000000100000000)
  region size 1024K, 0 young (0K), 0 survivors (0K)
 Metaspace       used 46973K, committed 47424K, reserved 1097728K
  class space    used 6395K, committed 6592K, reserved 1048576K
}
Event: 2994.728 GC heap before
{Heap before GC invocations=312 (full 277):
 garbage-first heap   total 92160K, used 26748K [0x0000000082800000, 0x0000000100000000)
  region size 1024K, 1 young (1024K), 0 survivors (0K)
 Metaspace       used 46973K, committed 47424K, reserved 1097728K
  class space    used 6395K, committed 6592K, reserved 1048576K
}
Event: 2994.756 GC heap after
{Heap after GC invocations=313 (full 278):
 garbage-first heap   total 92160K, used 26748K [0x0000000082800000, 0x0000000100000000)
  region size 1024K, 0 young (0K), 0 survivors (0K)
 Metaspace       used 46973K, committed 47424K, reserved 1097728K
  class space    used 6395K, committed 6592K, reserved 1048576K
}
Event: 3004.912 GC heap before
{Heap before GC invocations=313 (full 278):
 garbage-first heap   total 92160K, used 26748K [0x0000000082800000, 0x0000000100000000)
  region size 1024K, 1 young (1024K), 0 survivors (0K)
 Metaspace       used 46973K, committed 47424K, reserved 1097728K
  class space    used 6395K, committed 6592K, reserved 1048576K
}
Event: 3004.947 GC heap after
{Heap after GC invocations=314 (full 279):
 garbage-first heap   total 92160K, used 26748K [0x0000000082800000, 0x0000000100000000)
  region size 1024K, 0 young (0K), 0 survivors (0K)
 Metaspace       used 46973K, committed 47424K, reserved 1097728K
  class space    used 6395K, committed 6592K, reserved 1048576K
}
Event: 3015.056 GC heap before
{Heap before GC invocations=314 (full 279):
 garbage-first heap   total 92160K, used 26748K [0x0000000082800000, 0x0000000100000000)
  region size 1024K, 1 young (1024K), 0 survivors (0K)
 Metaspace       used 46973K, committed 47424K, reserved 1097728K
  class space    used 6395K, committed 6592K, reserved 1048576K
}
Event: 3015.087 GC heap after
{Heap after GC invocations=315 (full 280):
 garbage-first heap   total 92160K, used 26748K [0x0000000082800000, 0x0000000100000000)
  region size 1024K, 0 young (0K), 0 survivors (0K)
 Metaspace       used 46973K, committed 47424K, reserved 1097728K
  class space    used 6395K, committed 6592K, reserved 1048576K
}
Event: 3025.216 GC heap before
{Heap before GC invocations=315 (full 280):
 garbage-first heap   total 92160K, used 26748K [0x0000000082800000, 0x0000000100000000)
  region size 1024K, 1 young (1024K), 0 survivors (0K)
 Metaspace       used 46973K, committed 47424K, reserved 1097728K
  class space    used 6395K, committed 6592K, reserved 1048576K
}
Event: 3025.250 GC heap after
{Heap after GC invocations=316 (full 281):
 garbage-first heap   total 92160K, used 26748K [0x0000000082800000, 0x0000000100000000)
  region size 1024K, 0 young (0K), 0 survivors (0K)
 Metaspace       used 46973K, committed 47424K, reserved 1097728K
  class space    used 6395K, committed 6592K, reserved 1048576K
}
Event: 3035.349 GC heap before
{Heap before GC invocations=316 (full 281):
 garbage-first heap   total 92160K, used 26748K [0x0000000082800000, 0x0000000100000000)
  region size 1024K, 1 young (1024K), 0 survivors (0K)
 Metaspace       used 46973K, committed 47424K, reserved 1097728K
  class space    used 6395K, committed 6592K, reserved 1048576K
}
Event: 3035.374 GC heap after
{Heap after GC invocations=317 (full 282):
 garbage-first heap   total 92160K, used 26748K [0x0000000082800000, 0x0000000100000000)
  region size 1024K, 0 young (0K), 0 survivors (0K)
 Metaspace       used 46973K, committed 47424K, reserved 1097728K
  class space    used 6395K, committed 6592K, reserved 1048576K
}
Event: 3045.480 GC heap before
{Heap before GC invocations=317 (full 282):
 garbage-first heap   total 92160K, used 26748K [0x0000000082800000, 0x0000000100000000)
  region size 1024K, 1 young (1024K), 0 survivors (0K)
 Metaspace       used 46973K, committed 47424K, reserved 1097728K
  class space    used 6395K, committed 6592K, reserved 1048576K
}
Event: 3045.506 GC heap after
{Heap after GC invocations=318 (full 283):
 garbage-first heap   total 92160K, used 26748K [0x0000000082800000, 0x0000000100000000)
  region size 1024K, 0 young (0K), 0 survivors (0K)
 Metaspace       used 46973K, committed 47424K, reserved 1097728K
  class space    used 6395K, committed 6592K, reserved 1048576K
}

