# JRE version: OpenJDK Runtime Environment Temurin-17.0.4.1+1 (17.0.4.1+1) (build 17.0.4.1+1)
# Java VM: OpenJDK 64-Bit Server VM Temurin-17.0.4.1+1 (17.0.4.1+1, mixed mode, emulated-client, tiered, compressed oops, compressed class ptrs, g1 gc, windows-amd64)
GC Precious Log:
 CPUs: 4 total, 4 available
 Memory: 8025M
 Large Page Support: Disabled
 NUMA Support: Disabled
 Compressed Oops: Enabled (32-bit)
 Heap Region Size: 1M
 Heap Min Capacity: 8M
 Heap Initial Capacity: 126M
 Heap Max Capacity: 2008M
 Pre-touch: Disabled
 Parallel Workers: 4
 Concurrent Workers: 1
 Concurrent Refinement Workers: 4
 Periodic GC: Disabled
Heap:
 garbage-first heap   total 129024K, used 52549K [0x0000000082800000, 0x0000000100000000)
  region size 1024K, 3 young (3072K), 3 survivors (3072K)
 Metaspace       used 38574K, committed 38976K, reserved 1089536K
  class space    used 4866K, committed 5056K, reserved 1048576K
GC Heap History (20 events):
Event: 1.245 GC heap after
{Heap after GC invocations=4 (full 0):
 garbage-first heap   total 129024K, used 11413K [0x0000000082800000, 0x0000000100000000)
  region size 1024K, 4 young (4096K), 4 survivors (4096K)
 Metaspace       used 21331K, committed 21504K, reserved 1073152K
  class space    used 2594K, committed 2688K, reserved 1048576K
}
Event: 1.554 GC heap before
{Heap before GC invocations=5 (full 0):
 garbage-first heap   total 48128K, used 34965K [0x0000000082800000, 0x0000000100000000)
  region size 1024K, 29 young (29696K), 4 survivors (4096K)
 Metaspace       used 25290K, committed 25536K, reserved 1073152K
  class space    used 3096K, committed 3264K, reserved 1048576K
}
Event: 1.560 GC heap after
{Heap after GC invocations=6 (full 0):
 garbage-first heap   total 48128K, used 12895K [0x0000000082800000, 0x0000000100000000)
  region size 1024K, 6 young (6144K), 6 survivors (6144K)
 Metaspace       used 25290K, committed 25536K, reserved 1073152K
  class space    used 3096K, committed 3264K, reserved 1048576K
}
Event: 1.581 GC heap before
{Heap before GC invocations=6 (full 0):
 garbage-first heap   total 48128K, used 13919K [0x0000000082800000, 0x0000000100000000)
  region size 1024K, 7 young (7168K), 6 survivors (6144K)
 Metaspace       used 25489K, committed 25728K, reserved 1073152K
  class space    used 3122K, committed 3264K, reserved 1048576K
}
Event: 1.589 GC heap after
{Heap after GC invocations=7 (full 0):
 garbage-first heap   total 48128K, used 13459K [0x0000000082800000, 0x0000000100000000)
  region size 1024K, 1 young (1024K), 1 survivors (1024K)
 Metaspace       used 25489K, committed 25728K, reserved 1073152K
  class space    used 3122K, committed 3264K, reserved 1048576K
}
Event: 2.059 GC heap before
{Heap before GC invocations=7 (full 0):
 garbage-first heap   total 48128K, used 30867K [0x0000000082800000, 0x0000000100000000)
  region size 1024K, 19 young (19456K), 1 survivors (1024K)
 Metaspace       used 28395K, committed 28736K, reserved 1081344K
  class space    used 3548K, committed 3712K, reserved 1048576K
}
Event: 2.063 GC heap after
{Heap after GC invocations=8 (full 0):
 garbage-first heap   total 93184K, used 14679K [0x0000000082800000, 0x0000000100000000)
  region size 1024K, 3 young (3072K), 3 survivors (3072K)
 Metaspace       used 28395K, committed 28736K, reserved 1081344K
  class space    used 3548K, committed 3712K, reserved 1048576K
}
Event: 2.743 GC heap before
{Heap before GC invocations=8 (full 0):
 garbage-first heap   total 93184K, used 66903K [0x0000000082800000, 0x0000000100000000)
  region size 1024K, 54 young (55296K), 3 survivors (3072K)
 Metaspace       used 35066K, committed 35392K, reserved 1081344K
  class space    used 4531K, committed 4672K, reserved 1048576K
}
Event: 2.750 GC heap after
{Heap after GC invocations=9 (full 0):
 garbage-first heap   total 93184K, used 21265K [0x0000000082800000, 0x0000000100000000)
  region size 1024K, 7 young (7168K), 7 survivors (7168K)
 Metaspace       used 35066K, committed 35392K, reserved 1081344K
  class space    used 4531K, committed 4672K, reserved 1048576K
}
Event: 2.911 GC heap before
{Heap before GC invocations=9 (full 0):
 garbage-first heap   total 93184K, used 56081K [0x0000000082800000, 0x0000000100000000)
  region size 1024K, 43 young (44032K), 7 survivors (7168K)
 Metaspace       used 35960K, committed 36288K, reserved 1081344K
  class space    used 4615K, committed 4736K, reserved 1048576K
}
Event: 2.919 GC heap after
{Heap after GC invocations=10 (full 0):
 garbage-first heap   total 93184K, used 27844K [0x0000000082800000, 0x0000000100000000)
  region size 1024K, 7 young (7168K), 7 survivors (7168K)
 Metaspace       used 35960K, committed 36288K, reserved 1081344K
  class space    used 4615K, committed 4736K, reserved 1048576K
}
Event: 3.009 GC heap before
{Heap before GC invocations=11 (full 0):
 garbage-first heap   total 93184K, used 64708K [0x0000000082800000, 0x0000000100000000)
  region size 1024K, 44 young (45056K), 7 survivors (7168K)
 Metaspace       used 36684K, committed 37056K, reserved 1081344K
  class space    used 4690K, committed 4864K, reserved 1048576K
}
Event: 3.016 GC heap after
{Heap after GC invocations=12 (full 0):
 garbage-first heap   total 93184K, used 34055K [0x0000000082800000, 0x0000000100000000)
  region size 1024K, 6 young (6144K), 6 survivors (6144K)
 Metaspace       used 36684K, committed 37056K, reserved 1081344K
  class space    used 4690K, committed 4864K, reserved 1048576K
}
Event: 3.019 GC heap before
{Heap before GC invocations=12 (full 0):
 garbage-first heap   total 93184K, used 35079K [0x0000000082800000, 0x0000000100000000)
  region size 1024K, 7 young (7168K), 6 survivors (6144K)
 Metaspace       used 36727K, committed 37120K, reserved 1081344K
  class space    used 4691K, committed 4864K, reserved 1048576K
}
Event: 3.024 GC heap after
{Heap after GC invocations=13 (full 0):
 garbage-first heap   total 93184K, used 34816K [0x0000000082800000, 0x0000000100000000)
  region size 1024K, 1 young (1024K), 1 survivors (1024K)
 Metaspace       used 36727K, committed 37120K, reserved 1081344K
  class space    used 4691K, committed 4864K, reserved 1048576K
}
Event: 3.103 GC heap before
{Heap before GC invocations=13 (full 0):
 garbage-first heap   total 93184K, used 67584K [0x0000000082800000, 0x0000000100000000)
  region size 1024K, 33 young (33792K), 1 survivors (1024K)
 Metaspace       used 37506K, committed 37824K, reserved 1089536K
  class space    used 4731K, committed 4864K, reserved 1048576K
}
Event: 3.110 GC heap after
{Heap after GC invocations=14 (full 0):
 garbage-first heap   total 93184K, used 40960K [0x0000000082800000, 0x0000000100000000)
  region size 1024K, 5 young (5120K), 5 survivors (5120K)
 Metaspace       used 37506K, committed 37824K, reserved 1089536K
  class space    used 4731K, committed 4864K, reserved 1048576K
}
Event: 3.226 GC heap before
{Heap before GC invocations=14 (full 0):
 garbage-first heap   total 93184K, used 67584K [0x0000000082800000, 0x0000000100000000)
  region size 1024K, 32 young (32768K), 5 survivors (5120K)
 Metaspace       used 38145K, committed 38528K, reserved 1089536K
  class space    used 4799K, committed 4992K, reserved 1048576K
}
Event: 3.236 GC heap after
{Heap after GC invocations=15 (full 0):
 garbage-first heap   total 93184K, used 48510K [0x0000000082800000, 0x0000000100000000)
  region size 1024K, 4 young (4096K), 4 survivors (4096K)
 Metaspace       used 38145K, committed 38528K, reserved 1089536K
  class space    used 4799K, committed 4992K, reserved 1048576K
}
Event: 3.316 GC heap before
{Heap before GC invocations=15 (full 0):
 garbage-first heap   total 93184K, used 59774K [0x0000000082800000, 0x0000000100000000)
  region size 1024K, 17 young (17408K), 4 survivors (4096K)
 Metaspace       used 38574K, committed 38976K, reserved 1089536K
  class space    used 4866K, committed 5056K, reserved 1048576K
}

