# JRE version: OpenJDK Runtime Environment Temurin-17.0.4.1+1 (17.0.4.1+1) (build 17.0.4.1+1)
# Java VM: OpenJDK 64-Bit Server VM Temurin-17.0.4.1+1 (17.0.4.1+1, mixed mode, emulated-client, tiered, compressed oops, compressed class ptrs, g1 gc, windows-amd64)
GC Precious Log:
 CPUs: 4 total, 4 available
 Memory: 8025M
 Large Page Support: Disabled
 NUMA Support: Disabled
 Compressed Oops: Enabled (32-bit)
 Heap Region Size: 1M
 Heap Min Capacity: 8M
 Heap Initial Capacity: 126M
 Heap Max Capacity: 2008M
 Pre-touch: Disabled
 Parallel Workers: 4
 Concurrent Workers: 1
 Concurrent Refinement Workers: 4
 Periodic GC: Disabled
Heap:
 garbage-first heap   total 110592K, used 51200K [0x0000000082800000, 0x0000000100000000)
  region size 1024K, 3 young (3072K), 3 survivors (3072K)
 Metaspace       used 37991K, committed 38336K, reserved 1089536K
  class space    used 4780K, committed 4928K, reserved 1048576K
GC Heap History (20 events):
Event: 1.629 GC heap after
{Heap after GC invocations=7 (full 0):
 garbage-first heap   total 48128K, used 16453K [0x0000000082800000, 0x0000000100000000)
  region size 1024K, 3 young (3072K), 3 survivors (3072K)
 Metaspace       used 28123K, committed 28352K, reserved 1081344K
  class space    used 3512K, committed 3648K, reserved 1048576K
}
Event: 1.869 GC heap before
{Heap before GC invocations=7 (full 0):
 garbage-first heap   total 48128K, used 31813K [0x0000000082800000, 0x0000000100000000)
  region size 1024K, 18 young (18432K), 3 survivors (3072K)
 Metaspace       used 31037K, committed 31360K, reserved 1081344K
  class space    used 3903K, committed 4032K, reserved 1048576K
}
Event: 1.875 GC heap after
{Heap after GC invocations=8 (full 0):
 garbage-first heap   total 58368K, used 17585K [0x0000000082800000, 0x0000000100000000)
  region size 1024K, 2 young (2048K), 2 survivors (2048K)
 Metaspace       used 31037K, committed 31360K, reserved 1081344K
  class space    used 3903K, committed 4032K, reserved 1048576K
}
Event: 2.191 GC heap before
{Heap before GC invocations=8 (full 0):
 garbage-first heap   total 58368K, used 40113K [0x0000000082800000, 0x0000000100000000)
  region size 1024K, 24 young (24576K), 2 survivors (2048K)
 Metaspace       used 34854K, committed 35200K, reserved 1081344K
  class space    used 4497K, committed 4672K, reserved 1048576K
}
Event: 2.196 GC heap after
{Heap after GC invocations=9 (full 0):
 garbage-first heap   total 58368K, used 19518K [0x0000000082800000, 0x0000000100000000)
  region size 1024K, 3 young (3072K), 3 survivors (3072K)
 Metaspace       used 34854K, committed 35200K, reserved 1081344K
  class space    used 4497K, committed 4672K, reserved 1048576K
}
Event: 2.293 GC heap before
{Heap before GC invocations=9 (full 0):
 garbage-first heap   total 58368K, used 41022K [0x0000000082800000, 0x0000000100000000)
  region size 1024K, 25 young (25600K), 3 survivors (3072K)
 Metaspace       used 35509K, committed 35840K, reserved 1081344K
  class space    used 4581K, committed 4736K, reserved 1048576K
}
Event: 2.299 GC heap after
{Heap after GC invocations=10 (full 0):
 garbage-first heap   total 58368K, used 23789K [0x0000000082800000, 0x0000000100000000)
  region size 1024K, 4 young (4096K), 4 survivors (4096K)
 Metaspace       used 35509K, committed 35840K, reserved 1081344K
  class space    used 4581K, committed 4736K, reserved 1048576K
}
Event: 2.359 GC heap before
{Heap before GC invocations=10 (full 0):
 garbage-first heap   total 58368K, used 41197K [0x0000000082800000, 0x0000000100000000)
  region size 1024K, 22 young (22528K), 4 survivors (4096K)
 Metaspace       used 35847K, committed 36160K, reserved 1081344K
  class space    used 4601K, committed 4736K, reserved 1048576K
}
Event: 2.364 GC heap after
{Heap after GC invocations=11 (full 0):
 garbage-first heap   total 58368K, used 27626K [0x0000000082800000, 0x0000000100000000)
  region size 1024K, 3 young (3072K), 3 survivors (3072K)
 Metaspace       used 35847K, committed 36160K, reserved 1081344K
  class space    used 4601K, committed 4736K, reserved 1048576K
}
Event: 2.383 GC heap before
{Heap before GC invocations=11 (full 0):
 garbage-first heap   total 58368K, used 31722K [0x0000000082800000, 0x0000000100000000)
  region size 1024K, 9 young (9216K), 3 survivors (3072K)
 Metaspace       used 36066K, committed 36416K, reserved 1081344K
  class space    used 4624K, committed 4800K, reserved 1048576K
}
Event: 2.386 GC heap after
{Heap after GC invocations=12 (full 0):
 garbage-first heap   total 82944K, used 29165K [0x0000000082800000, 0x0000000100000000)
  region size 1024K, 2 young (2048K), 2 survivors (2048K)
 Metaspace       used 36066K, committed 36416K, reserved 1081344K
  class space    used 4624K, committed 4800K, reserved 1048576K
}
Event: 2.488 GC heap before
{Heap before GC invocations=13 (full 0):
 garbage-first heap   total 82944K, used 56813K [0x0000000082800000, 0x0000000100000000)
  region size 1024K, 30 young (30720K), 2 survivors (2048K)
 Metaspace       used 37052K, committed 37376K, reserved 1081344K
  class space    used 4704K, committed 4864K, reserved 1048576K
}
Event: 2.492 GC heap after
{Heap after GC invocations=14 (full 0):
 garbage-first heap   total 82944K, used 33309K [0x0000000082800000, 0x0000000100000000)
  region size 1024K, 4 young (4096K), 4 survivors (4096K)
 Metaspace       used 37052K, committed 37376K, reserved 1081344K
  class space    used 4704K, committed 4864K, reserved 1048576K
}
Event: 2.496 GC heap before
{Heap before GC invocations=14 (full 0):
 garbage-first heap   total 82944K, used 34333K [0x0000000082800000, 0x0000000100000000)
  region size 1024K, 5 young (5120K), 4 survivors (4096K)
 Metaspace       used 37084K, committed 37440K, reserved 1081344K
  class space    used 4704K, committed 4864K, reserved 1048576K
}
Event: 2.499 GC heap after
{Heap after GC invocations=15 (full 0):
 garbage-first heap   total 82944K, used 34037K [0x0000000082800000, 0x0000000100000000)
  region size 1024K, 1 young (1024K), 1 survivors (1024K)
 Metaspace       used 37084K, committed 37440K, reserved 1081344K
  class space    used 4704K, committed 4864K, reserved 1048576K
}
Event: 2.543 GC heap before
{Heap before GC invocations=15 (full 0):
 garbage-first heap   total 82944K, used 58613K [0x0000000082800000, 0x0000000100000000)
  region size 1024K, 26 young (26624K), 1 survivors (1024K)
 Metaspace       used 37508K, committed 37824K, reserved 1089536K
  class space    used 4734K, committed 4864K, reserved 1048576K
}
Event: 2.547 GC heap after
{Heap after GC invocations=16 (full 0):
 garbage-first heap   total 82944K, used 39101K [0x0000000082800000, 0x0000000100000000)
  region size 1024K, 4 young (4096K), 4 survivors (4096K)
 Metaspace       used 37508K, committed 37824K, reserved 1089536K
  class space    used 4734K, committed 4864K, reserved 1048576K
}
Event: 2.586 GC heap before
{Heap before GC invocations=16 (full 0):
 garbage-first heap   total 82944K, used 60605K [0x0000000082800000, 0x0000000100000000)
  region size 1024K, 26 young (26624K), 4 survivors (4096K)
 Metaspace       used 37682K, committed 38016K, reserved 1089536K
  class space    used 4750K, committed 4928K, reserved 1048576K
}
Event: 2.592 GC heap after
{Heap after GC invocations=17 (full 0):
 garbage-first heap   total 82944K, used 43895K [0x0000000082800000, 0x0000000100000000)
  region size 1024K, 4 young (4096K), 4 survivors (4096K)
 Metaspace       used 37682K, committed 38016K, reserved 1089536K
  class space    used 4750K, committed 4928K, reserved 1048576K
}
Event: 2.639 GC heap before
{Heap before GC invocations=17 (full 0):
 garbage-first heap   total 82944K, used 63351K [0x0000000082800000, 0x0000000100000000)
  region size 1024K, 23 young (23552K), 4 survivors (4096K)
 Metaspace       used 37991K, committed 38336K, reserved 1089536K
  class space    used 4780K, committed 4928K, reserved 1048576K
}

